[35m24/02/2022 15:53:10 - [http] : DELETE /api/posts 400 1380 - 8.455 ms[39m
[35m[39m
[35m24/02/2022 15:53:14 - [http] : DELETE /api/posts 400 1380 - 0.552 ms[39m
[35m[39m
[34m24/02/2022 15:54:11 - [info] : listening on port 3000[39m
[34m24/02/2022 15:54:31 - [info] : listening on port 3000[39m
[34m24/02/2022 15:55:24 - [info] : listening on port 3000[39m
[34m24/02/2022 15:55:25 - [info] : listening on port 3000[39m
[35m24/02/2022 15:55:29 - [http] : DELETE /api/posts 400 1380 - 8.486 ms[39m
[35m[39m
[34m24/02/2022 15:56:21 - [info] : listening on port 3000[39m
[34m24/02/2022 15:56:26 - [info] : listening on port 3000[39m
[35m24/02/2022 15:56:31 - [http] : DELETE /api/posts 400 1380 - 8.287 ms[39m
[35m[39m
[34m24/02/2022 15:59:33 - [info] : listening on port 3000[39m
[34m24/02/2022 15:59:34 - [info] : listening on port 3000[39m
[35m24/02/2022 15:59:38 - [http] : DELETE /api/posts 400 1380 - 9.971 ms[39m
[35m[39m
[34m24/02/2022 16:01:47 - [info] : listening on port 3000[39m
[35m24/02/2022 16:01:50 - [http] : DELETE /api/posts 400 1376 - 11.401 ms[39m
[35m[39m
[35m24/02/2022 16:02:35 - [http] : DELETE /api/posts 200 26 - 61.514 ms[39m
[35m[39m
[34m24/02/2022 16:03:47 - [info] : listening on port 3000[39m
[34m24/02/2022 16:08:54 - [info] : listening on port 3000[39m
[35m24/02/2022 16:09:19 - [http] : DELETE /api/posts 400 1376 - 9.513 ms[39m
[35m[39m
[34m24/02/2022 16:10:38 - [info] : listening on port 3000[39m
[34m24/02/2022 16:11:24 - [info] : listening on port 3000[39m
[34m24/02/2022 16:11:26 - [info] : listening on port 3000[39m
[31m24/02/2022 16:11:31 - [error] : Bad Request[39m
[35m24/02/2022 16:11:31 - [http] : DELETE /api/posts 400 48 - 9.878 ms[39m
[35m[39m
[34m24/02/2022 16:16:15 - [info] : listening on port 3000[39m
[35m24/02/2022 16:16:23 - [http] : DELETE /api/posts 400 48 - 9.860 ms[39m
[35m[39m
[34m24/02/2022 16:16:43 - [info] : listening on port 3000[39m
[34m24/02/2022 16:16:46 - [info] : listening on port 3000[39m
[34m24/02/2022 16:16:48 - [info] : listening on port 3000[39m
[34m24/02/2022 16:16:50 - [info] : listening on port 3000[39m
[34m24/02/2022 16:16:52 - [info] : listening on port 3000[39m
[34m24/02/2022 16:16:54 - [info] : listening on port 3000[39m
[34m24/02/2022 16:16:59 - [info] : listening on port 3000[39m
[34m24/02/2022 16:17:02 - [info] : listening on port 3000[39m
[34m24/02/2022 16:17:11 - [info] : listening on port 3000[39m
[34m24/02/2022 16:17:13 - [info] : listening on port 3000[39m
[34m24/02/2022 16:17:16 - [info] : listening on port 3000[39m
[34m24/02/2022 16:17:18 - [info] : listening on port 3000[39m
[34m24/02/2022 16:17:20 - [info] : listening on port 3000[39m
[34m24/02/2022 16:17:24 - [info] : listening on port 3000[39m
[34m24/02/2022 16:17:27 - [info] : listening on port 3000[39m
[34m24/02/2022 16:17:28 - [info] : listening on port 3000[39m
[34m24/02/2022 16:19:26 - [info] : listening on port 3000[39m
[34m24/02/2022 16:20:21 - [info] : listening on port 3000[39m
[34m24/02/2022 16:21:03 - [info] : listening on port 3000[39m
[34m24/02/2022 16:21:05 - [info] : listening on port 3000[39m
[35m24/02/2022 16:21:08 - [http] : DELETE /api/posts 400 64 - 9.204 ms[39m
[35m[39m
[35m24/02/2022 16:21:16 - [http] : DELETE /api/posts 404 28 - 47.225 ms[39m
[35m[39m
[34m24/02/2022 16:24:07 - [info] : listening on port 3000[39m
[34m24/02/2022 16:24:09 - [info] : listening on port 3000[39m
[34m24/02/2022 16:24:18 - [info] : listening on port 3000[39m
[34m24/02/2022 16:24:20 - [info] : listening on port 3000[39m
[34m24/02/2022 16:24:22 - [info] : listening on port 3000[39m
[34m24/02/2022 16:24:23 - [info] : listening on port 3000[39m
[34m24/02/2022 16:24:24 - [info] : listening on port 3000[39m
[34m24/02/2022 16:24:26 - [info] : listening on port 3000[39m
[34m24/02/2022 16:24:27 - [info] : listening on port 3000[39m
[34m24/02/2022 16:27:12 - [info] : listening on port 3000[39m
[34m24/02/2022 16:27:14 - [info] : listening on port 3000[39m
[34m24/02/2022 16:27:31 - [info] : listening on port 3000[39m
[35m24/02/2022 16:30:19 - [http] : POST /api/like 400 64 - 9.093 ms[39m
[35m[39m
[35m24/02/2022 16:30:36 - [http] : POST /api/like 200 24 - 45.831 ms[39m
[35m[39m
[35m24/02/2022 16:30:37 - [http] : POST /api/like 200 24 - 5.352 ms[39m
[35m[39m
[35m24/02/2022 16:30:38 - [http] : POST /api/like 200 24 - 2.368 ms[39m
[35m[39m
[35m24/02/2022 16:30:39 - [http] : POST /api/like 200 24 - 2.682 ms[39m
[35m[39m
[35m24/02/2022 16:30:40 - [http] : POST /api/like 200 24 - 3.095 ms[39m
[35m[39m
[34m24/02/2022 16:31:42 - [info] : listening on port 3000[39m
[34m24/02/2022 16:31:43 - [info] : listening on port 3000[39m
[34m24/02/2022 16:31:47 - [info] : listening on port 3000[39m
[34m24/02/2022 16:32:00 - [info] : listening on port 3000[39m
[34m24/02/2022 16:32:01 - [info] : listening on port 3000[39m
[34m24/02/2022 16:32:03 - [info] : listening on port 3000[39m
[34m24/02/2022 16:32:05 - [info] : listening on port 3000[39m
[34m24/02/2022 16:32:08 - [info] : listening on port 3000[39m
[34m24/02/2022 16:32:10 - [info] : listening on port 3000[39m
[34m24/02/2022 16:32:15 - [info] : listening on port 3000[39m
[34m24/02/2022 16:32:17 - [info] : listening on port 3000[39m
[34m24/02/2022 16:32:18 - [info] : listening on port 3000[39m
[34m24/02/2022 16:32:29 - [info] : listening on port 3000[39m
[34m24/02/2022 16:32:33 - [info] : listening on port 3000[39m
[34m24/02/2022 16:32:36 - [info] : listening on port 3000[39m
[34m24/02/2022 16:32:38 - [info] : listening on port 3000[39m
[34m24/02/2022 16:32:39 - [info] : listening on port 3000[39m
[34m24/02/2022 16:33:18 - [info] : listening on port 3000[39m
[34m24/02/2022 16:33:20 - [info] : listening on port 3000[39m
[34m24/02/2022 16:33:29 - [info] : listening on port 3000[39m
[34m24/02/2022 16:33:30 - [info] : listening on port 3000[39m
[34m24/02/2022 16:33:36 - [info] : listening on port 3000[39m
[34m24/02/2022 16:33:37 - [info] : listening on port 3000[39m
[34m24/02/2022 16:33:39 - [info] : listening on port 3000[39m
[34m24/02/2022 16:33:40 - [info] : listening on port 3000[39m
[34m24/02/2022 16:33:46 - [info] : listening on port 3000[39m
[34m24/02/2022 16:34:12 - [info] : listening on port 3000[39m
[34m24/02/2022 16:34:15 - [info] : listening on port 3000[39m
[35m24/02/2022 16:34:27 - [http] : POST /api/like 200 24 - 56.306 ms[39m
[35m[39m
[35m24/02/2022 16:34:28 - [http] : POST /api/like 400 27 - 1.730 ms[39m
[35m[39m
[34m24/02/2022 16:36:21 - [info] : listening on port 3000[39m
[34m24/02/2022 16:36:31 - [info] : listening on port 3000[39m
[34m24/02/2022 16:36:32 - [info] : listening on port 3000[39m
[34m24/02/2022 16:36:38 - [info] : listening on port 3000[39m
[34m24/02/2022 16:36:39 - [info] : listening on port 3000[39m
[34m24/02/2022 16:36:40 - [info] : listening on port 3000[39m
[34m24/02/2022 16:36:42 - [info] : listening on port 3000[39m
[34m24/02/2022 16:36:43 - [info] : listening on port 3000[39m
[34m24/02/2022 16:36:44 - [info] : listening on port 3000[39m
[34m24/02/2022 16:36:59 - [info] : listening on port 3000[39m
[34m24/02/2022 16:37:02 - [info] : listening on port 3000[39m
[34m24/02/2022 16:37:59 - [info] : listening on port 3000[39m
[34m24/02/2022 16:38:01 - [info] : listening on port 3000[39m
[34m24/02/2022 16:38:44 - [info] : listening on port 3000[39m
[34m24/02/2022 16:38:45 - [info] : listening on port 3000[39m
[35m24/02/2022 16:39:06 - [http] : POST /api/unlike 200 26 - 51.971 ms[39m
[35m[39m
[35m24/02/2022 16:39:17 - [http] : POST /api/like 200 24 - 35.450 ms[39m
[35m[39m
[35m24/02/2022 16:39:25 - [http] : POST /api/unlike 200 26 - 5.544 ms[39m
[35m[39m
[34m24/02/2022 17:20:06 - [info] : listening on port 3000[39m
[35m24/02/2022 17:20:27 - [http] : POST /api/comment 400 64 - 10.257 ms[39m
[35m[39m
[34m24/02/2022 17:21:10 - [info] : listening on port 3000[39m
[34m24/02/2022 17:21:10 - [info] : listening on port 3000[39m
[34m24/02/2022 17:21:11 - [info] : listening on port 3000[39m
[35m24/02/2022 17:21:15 - [http] : POST /api/comment 200 27 - 16.655 ms[39m
[35m[39m
[35m24/02/2022 17:21:17 - [http] : POST /api/comment 200 27 - 5.771 ms[39m
[35m[39m
[34m24/02/2022 17:22:12 - [info] : listening on port 3000[39m
[34m24/02/2022 17:22:29 - [info] : listening on port 3000[39m
[34m24/02/2022 17:22:32 - [info] : listening on port 3000[39m
[34m24/02/2022 17:22:36 - [info] : listening on port 3000[39m
[34m24/02/2022 17:22:38 - [info] : listening on port 3000[39m
[34m24/02/2022 17:22:55 - [info] : listening on port 3000[39m
[34m24/02/2022 17:22:56 - [info] : listening on port 3000[39m
[34m24/02/2022 17:23:18 - [info] : listening on port 3000[39m
[34m24/02/2022 17:23:19 - [info] : listening on port 3000[39m
[34m24/02/2022 17:23:21 - [info] : listening on port 3000[39m
[34m24/02/2022 17:23:24 - [info] : listening on port 3000[39m
[34m24/02/2022 17:23:25 - [info] : listening on port 3000[39m
[34m24/02/2022 17:23:26 - [info] : listening on port 3000[39m
[35m24/02/2022 17:23:34 - [http] : POST /api/comment 200 15 - 15.140 ms[39m
[35m[39m
[35m24/02/2022 17:23:35 - [http] : POST /api/comment 200 15 - 3.153 ms[39m
[35m[39m
[35m24/02/2022 17:23:36 - [http] : POST /api/comment 200 15 - 2.466 ms[39m
[35m[39m
[34m24/02/2022 17:23:45 - [info] : listening on port 3000[39m
[34m24/02/2022 17:24:49 - [info] : listening on port 3000[39m
[34m24/02/2022 17:24:50 - [info] : listening on port 3000[39m
[34m24/02/2022 17:24:51 - [info] : listening on port 3000[39m
[34m24/02/2022 17:24:56 - [info] : listening on port 3000[39m
[34m24/02/2022 17:24:57 - [info] : listening on port 3000[39m
[34m24/02/2022 17:24:59 - [info] : listening on port 3000[39m
[34m24/02/2022 17:25:02 - [info] : listening on port 3000[39m
[34m24/02/2022 17:25:05 - [info] : listening on port 3000[39m
[34m24/02/2022 17:25:06 - [info] : listening on port 3000[39m
[34m24/02/2022 17:25:27 - [info] : listening on port 3000[39m
[34m24/02/2022 17:25:50 - [info] : listening on port 3000[39m
[34m24/02/2022 17:25:52 - [info] : listening on port 3000[39m
[34m24/02/2022 17:26:37 - [info] : listening on port 3000[39m
[34m24/02/2022 17:26:38 - [info] : listening on port 3000[39m
[34m24/02/2022 17:29:46 - [info] : listening on port 3000[39m
[34m24/02/2022 17:30:02 - [info] : listening on port 3000[39m
[34m24/02/2022 17:30:04 - [info] : listening on port 3000[39m
[34m24/02/2022 17:30:07 - [info] : listening on port 3000[39m
[34m24/02/2022 17:30:12 - [info] : listening on port 3000[39m
[34m24/02/2022 17:30:14 - [info] : listening on port 3000[39m
[34m24/02/2022 17:30:15 - [info] : listening on port 3000[39m
[34m24/02/2022 17:36:15 - [info] : listening on port 3000[39m
[34m24/02/2022 17:36:16 - [info] : listening on port 3000[39m
[34m24/02/2022 17:36:31 - [info] : listening on port 3000[39m
[34m24/02/2022 17:36:32 - [info] : listening on port 3000[39m
[34m24/02/2022 17:36:35 - [info] : listening on port 3000[39m
[34m24/02/2022 17:36:37 - [info] : listening on port 3000[39m
[34m24/02/2022 17:36:38 - [info] : listening on port 3000[39m
[34m24/02/2022 17:36:40 - [info] : listening on port 3000[39m
[34m24/02/2022 17:36:47 - [info] : listening on port 3000[39m
[34m24/02/2022 17:36:50 - [info] : listening on port 3000[39m
[34m24/02/2022 17:36:52 - [info] : listening on port 3000[39m
[34m24/02/2022 17:36:52 - [info] : listening on port 3000[39m
[34m24/02/2022 17:36:56 - [info] : listening on port 3000[39m
[34m24/02/2022 17:37:35 - [info] : listening on port 3000[39m
[34m24/02/2022 17:37:37 - [info] : listening on port 3000[39m
[34m24/02/2022 17:37:38 - [info] : listening on port 3000[39m
[34m24/02/2022 17:37:44 - [info] : listening on port 3000[39m
[34m24/02/2022 17:37:45 - [info] : listening on port 3000[39m
[34m24/02/2022 17:37:47 - [info] : listening on port 3000[39m
[34m24/02/2022 17:37:49 - [info] : listening on port 3000[39m
[35m24/02/2022 17:38:20 - [http] : GET /api/posts?id=1 404 46 - 2.843 ms[39m
[35m[39m
[34m24/02/2022 17:38:40 - [info] : listening on port 3000[39m
[34m24/02/2022 17:38:48 - [info] : listening on port 3000[39m
[34m24/02/2022 17:38:51 - [info] : listening on port 3000[39m
[35m24/02/2022 17:39:05 - [http] : GET /api/posts?id=1 404 46 - 3.412 ms[39m
[35m[39m
[35m24/02/2022 17:39:15 - [http] : GET /api/posts 404 46 - 0.521 ms[39m
[35m[39m
[35m24/02/2022 17:39:22 - [http] : GET /api/posts/id 404 46 - 0.346 ms[39m
[35m[39m
[35m24/02/2022 17:39:26 - [http] : GET /api/posts/5 404 46 - 0.286 ms[39m
[35m[39m
[34m24/02/2022 17:39:40 - [info] : listening on port 3000[39m
[34m24/02/2022 17:39:42 - [info] : listening on port 3000[39m
[35m24/02/2022 17:41:53 - [http] : GET /api/posts/%7Bid:5%7D - - - - ms[39m
[35m[39m
[35m24/02/2022 17:42:07 - [http] : GET /api/posts/%7B5%7D - - - - ms[39m
[35m[39m
[35m24/02/2022 17:42:16 - [http] : GET /api/posts/5 - - - - ms[39m
[35m[39m
[34m24/02/2022 17:42:21 - [info] : listening on port 3000[39m
[35m24/02/2022 17:42:29 - [http] : GET /api/posts/5 - - - - ms[39m
[35m[39m
[34m24/02/2022 17:48:25 - [info] : listening on port 3000[39m
[34m24/02/2022 17:48:41 - [info] : listening on port 3000[39m
[34m24/02/2022 17:48:44 - [info] : listening on port 3000[39m
[34m24/02/2022 17:48:44 - [info] : listening on port 3000[39m
[34m24/02/2022 17:49:41 - [info] : listening on port 3000[39m
[34m24/02/2022 17:49:42 - [info] : listening on port 3000[39m
[34m24/02/2022 17:49:48 - [info] : listening on port 3000[39m
[34m24/02/2022 17:49:54 - [info] : listening on port 3000[39m
[34m24/02/2022 17:49:56 - [info] : listening on port 3000[39m
[34m24/02/2022 17:49:57 - [info] : listening on port 3000[39m
[34m24/02/2022 17:49:59 - [info] : listening on port 3000[39m
[34m24/02/2022 17:50:02 - [info] : listening on port 3000[39m
[34m24/02/2022 17:50:04 - [info] : listening on port 3000[39m
[34m24/02/2022 17:50:11 - [info] : listening on port 3000[39m
[34m24/02/2022 17:50:39 - [info] : listening on port 3000[39m
[34m24/02/2022 17:50:39 - [info] : listening on port 3000[39m
[34m24/02/2022 17:50:41 - [info] : listening on port 3000[39m
[34m24/02/2022 17:51:09 - [info] : listening on port 3000[39m
[34m24/02/2022 17:51:17 - [info] : listening on port 3000[39m
[34m24/02/2022 17:51:20 - [info] : listening on port 3000[39m
[34m24/02/2022 17:51:22 - [info] : listening on port 3000[39m
[34m24/02/2022 17:51:25 - [info] : listening on port 3000[39m
[34m24/02/2022 17:51:26 - [info] : listening on port 3000[39m
[34m24/02/2022 17:51:27 - [info] : listening on port 3000[39m
[34m24/02/2022 17:51:28 - [info] : listening on port 3000[39m
[34m24/02/2022 17:51:31 - [info] : listening on port 3000[39m
[34m24/02/2022 17:52:03 - [info] : listening on port 3000[39m
[35m24/02/2022 17:52:08 - [http] : GET /api/posts/5 404 28 - 5.676 ms[39m
[35m[39m
[35m24/02/2022 17:52:13 - [http] : GET /api/posts/1 200 28 - 4.179 ms[39m
[35m[39m
[35m24/02/2022 17:52:22 - [http] : GET /api/posts/2 200 28 - 1.479 ms[39m
[35m[39m
[35m24/02/2022 17:52:27 - [http] : GET /api/posts/1 200 28 - 1.793 ms[39m
[35m[39m
[34m24/02/2022 17:52:47 - [info] : listening on port 3000[39m
[34m24/02/2022 17:53:10 - [info] : listening on port 3000[39m
[34m24/02/2022 17:57:53 - [info] : listening on port 3000[39m
[34m24/02/2022 17:57:54 - [info] : listening on port 3000[39m
[34m24/02/2022 17:57:57 - [info] : listening on port 3000[39m
[34m24/02/2022 17:57:58 - [info] : listening on port 3000[39m
[34m24/02/2022 17:57:59 - [info] : listening on port 3000[39m
[34m24/02/2022 17:58:29 - [info] : listening on port 3000[39m
[34m24/02/2022 17:58:35 - [info] : listening on port 3000[39m
[34m24/02/2022 17:58:59 - [info] : listening on port 3000[39m
[35m24/02/2022 17:59:33 - [http] : GET /api/all_posts 200 443 - 46.010 ms[39m
[35m[39m
[34m24/02/2022 19:27:54 - [info] : listening on port 3000[39m
[35m24/02/2022 19:28:39 - [http] : POST /api/comment 200 15 - 57.080 ms[39m
[35m[39m
[35m24/02/2022 19:28:54 - [http] : POST /api/comment 200 15 - 54.234 ms[39m
[35m[39m
[35m24/02/2022 19:28:58 - [http] : POST /api/comment 200 15 - 2.425 ms[39m
[35m[39m
[35m24/02/2022 19:29:12 - [http] : POST /api/comment 404 28 - 31.818 ms[39m
[35m[39m
[35m24/02/2022 19:29:17 - [http] : POST /api/comment 404 28 - 1.226 ms[39m
[35m[39m
[34m24/02/2022 19:36:02 - [info] : listening on port 3000[39m
[35m24/02/2022 19:36:12 - [http] : GET /api/all_posts 200 1154 - 5.322 ms[39m
[35m[39m
[35m24/02/2022 20:17:53 - [http] : POST /api/like 200 24 - 52.149 ms[39m
[35m[39m
[35m24/02/2022 20:18:03 - [http] : POST /api/like 400 27 - 34.746 ms[39m
[35m[39m
[34m24/02/2022 20:19:19 - [info] : listening on port 3000[39m
[35m24/02/2022 20:19:38 - [http] : GET /api/all_posts 200 741 - 47.249 ms[39m
[35m[39m
[34m24/02/2022 21:49:12 - [info] : listening on port 3000[39m
[34m24/02/2022 22:12:19 - [info] : listening on port 3000[39m
[34m24/02/2022 22:12:40 - [info] : listening on port 3000[39m
[34m24/02/2022 22:12:42 - [info] : listening on port 3000[39m
[34m24/02/2022 22:13:33 - [info] : listening on port 3000[39m
[34m24/02/2022 22:14:50 - [info] : listening on port 3000[39m
[34m24/02/2022 22:14:56 - [info] : listening on port 3000[39m
[34m24/02/2022 22:15:30 - [info] : listening on port 3000[39m
[34m24/02/2022 22:15:32 - [info] : listening on port 3000[39m
[34m24/02/2022 22:15:48 - [info] : listening on port 3000[39m
[34m24/02/2022 22:15:52 - [info] : listening on port 3000[39m
[34m24/02/2022 22:19:46 - [info] : listening on port 3000[39m
[34m24/02/2022 22:19:47 - [info] : listening on port 3000[39m
[34m24/02/2022 22:19:56 - [info] : listening on port 3000[39m
[34m24/02/2022 22:19:57 - [info] : listening on port 3000[39m
[35m24/02/2022 22:20:03 - [http] : GET /api/all_posts 200 465 - 8.135 ms[39m
[35m[39m
[34m24/02/2022 22:20:51 - [info] : listening on port 3000[39m
[34m24/02/2022 22:21:14 - [info] : listening on port 3000[39m
[35m24/02/2022 22:21:16 - [http] : GET /api/all_posts 200 465 - 8.076 ms[39m
[35m[39m
[34m24/02/2022 22:21:25 - [info] : listening on port 3000[39m
[35m24/02/2022 22:21:27 - [http] : GET /api/all_posts 200 2228 - 12.279 ms[39m
[35m[39m
[34m24/02/2022 22:21:53 - [info] : listening on port 3000[39m
[34m24/02/2022 22:22:29 - [info] : listening on port 3000[39m
[34m24/02/2022 22:22:30 - [info] : listening on port 3000[39m
[34m24/02/2022 22:22:35 - [info] : listening on port 3000[39m
[34m24/02/2022 22:22:42 - [info] : listening on port 3000[39m
[34m24/02/2022 22:22:43 - [info] : listening on port 3000[39m
[34m24/02/2022 22:23:00 - [info] : listening on port 3000[39m
[34m24/02/2022 22:23:02 - [info] : listening on port 3000[39m
[34m24/02/2022 22:23:06 - [info] : listening on port 3000[39m
[34m24/02/2022 22:23:07 - [info] : listening on port 3000[39m
[34m24/02/2022 22:23:14 - [info] : listening on port 3000[39m
[34m24/02/2022 22:23:16 - [info] : listening on port 3000[39m
[34m24/02/2022 22:23:17 - [info] : listening on port 3000[39m
[35m24/02/2022 22:23:20 - [http] : GET /api/all_posts 200 2 - 32.413 ms[39m
[35m[39m
[35m24/02/2022 22:23:35 - [http] : GET /api/all_posts 200 2 - 45.170 ms[39m
[35m[39m
[34m24/02/2022 22:23:44 - [info] : listening on port 3000[39m
[34m24/02/2022 22:23:52 - [info] : listening on port 3000[39m
[34m24/02/2022 22:23:53 - [info] : listening on port 3000[39m
[35m24/02/2022 22:23:55 - [http] : GET /api/all_posts 200 2 - 6.524 ms[39m
[35m[39m
[34m24/02/2022 22:24:02 - [info] : listening on port 3000[39m
[34m24/02/2022 22:24:03 - [info] : listening on port 3000[39m
[34m24/02/2022 22:24:12 - [info] : listening on port 3000[39m
[34m24/02/2022 22:24:17 - [info] : listening on port 3000[39m
[34m24/02/2022 22:24:21 - [info] : listening on port 3000[39m
[34m24/02/2022 22:24:30 - [info] : listening on port 3000[39m
[35m24/02/2022 22:24:31 - [http] : GET /api/all_posts 200 429 - 6.559 ms[39m
[35m[39m
